c:\users\simon\desktop\semprovr\x64\debug\vc143.pdb
c:\users\simon\desktop\semprovr\x64\debug\vc143.idb
c:\users\simon\desktop\semprovr\x64\debug\windowmanager.obj
c:\users\simon\desktop\semprovr\x64\debug\textureloader.obj
c:\users\simon\desktop\semprovr\x64\debug\terrain.obj
c:\users\simon\desktop\semprovr\x64\debug\stb.obj
c:\users\simon\desktop\semprovr\x64\debug\skybox.obj
c:\users\simon\desktop\semprovr\x64\debug\shader.obj
c:\users\simon\desktop\semprovr\x64\debug\seasonaleffect.obj
c:\users\simon\desktop\semprovr\x64\debug\particlesystem.obj
c:\users\simon\desktop\semprovr\x64\debug\main.obj
c:\users\simon\desktop\semprovr\x64\debug\log.obj
c:\users\simon\desktop\semprovr\x64\debug\lighting.obj
c:\users\simon\desktop\semprovr\x64\debug\hikingsimulator.obj
c:\users\simon\desktop\semprovr\x64\debug\hiker.obj
c:\users\simon\desktop\semprovr\x64\debug\animatedcharacter.obj
c:\users\simon\desktop\semprovr\x64\debug\glad.obj
c:\users\simon\desktop\semprovr\x64\debug\semprovr.exe
c:\users\simon\desktop\semprovr\x64\debug\semprovr.ilk
c:\users\simon\desktop\semprovr\x64\debug\semprovr.pdb
c:\users\simon\desktop\semprovr\x64\debug\semprovr.tlog\cl.command.1.tlog
c:\users\simon\desktop\semprovr\x64\debug\semprovr.tlog\cl.items.tlog
c:\users\simon\desktop\semprovr\x64\debug\semprovr.tlog\cl.read.1.tlog
c:\users\simon\desktop\semprovr\x64\debug\semprovr.tlog\cl.write.1.tlog
c:\users\simon\desktop\semprovr\x64\debug\semprovr.tlog\link.command.1.tlog
c:\users\simon\desktop\semprovr\x64\debug\semprovr.tlog\link.read.1.tlog
c:\users\simon\desktop\semprovr\x64\debug\semprovr.tlog\link.write.1.tlog
