INFO: GLFW initialized successfully
INFO: GLAD initialized successfully
INFO: OpenGL configuration set (Depth Test, Face Culling, Blending enabled)
INFO: Starting main render loop
INFO: Frame rendered successfully
INFO: Program terminated successfully
INFO: GLFW initialized successfully
INFO: GLAD initialized successfully
INFO: OpenGL configuration set (Depth Test, Face Culling, Blending enabled)
INFO: Starting main render loop
INFO: Frame rendered successfully
INFO: Program terminated successfully
INFO: GLFW initialized successfully
INFO: GLAD initialized successfully
INFO: OpenGL configuration set (Depth Test, Face Culling, Blending enabled)
INFO: Starting main render loop
INFO: Frame rendered successfully
INFO: Program terminated successfully
INFO: Starting application
INFO: GLFW initialized successfully
INFO: GLAD initialized successfully
INFO: OpenGL configuration set (Depth Test, Face Culling, Blending enabled)
INFO: Starting main render loop
INFO: Frame rendered successfully
INFO: Program terminated successfully
INFO: Starting application
INFO: GLFW initialized successfully
INFO: GLAD initialized successfully
INFO: OpenGL configuration set (Depth Test, Face Culling, Blending enabled)
INFO: Starting main render loop
INFO: Frame rendered successfully
INFO: Program terminated successfully
INFO: Starting application
INFO: GLFW initialized successfully
INFO: GLAD initialized successfully
INFO: OpenGL configuration set (Depth Test, Face Culling, Blending enabled)
INFO: Starting main render loop
INFO: Frame rendered successfully
INFO: Program terminated successfully
INFO: Starting application
INFO: GLFW initialized successfully
INFO: GLAD initialized successfully
INFO: OpenGL configuration set (Depth Test, Face Culling, Blending enabled)
INFO: Starting main render loop
INFO: Frame rendered successfully
INFO: Program terminated successfully
INFO: Starting application
INFO: GLFW initialized successfully
INFO: GLAD initialized successfully
INFO: OpenGL configuration set (Depth Test, Face Culling, Blending enabled)
INFO: Starting main render loop
INFO: Frame rendered successfully
INFO: Program terminated successfully
INFO: Starting application
INFO: GLFW initialized successfully
INFO: GLAD initialized successfully
INFO: OpenGL configuration set (Depth Test, Face Culling, Blending enabled)
INFO: Starting main render loop
INFO: Frame rendered successfully
INFO: Program terminated successfully
INFO: Starting application
INFO: GLFW initialized successfully
INFO: GLAD initialized successfully
INFO: OpenGL configuration set (Depth Test, Face Culling, Blending enabled)
INFO: Starting main render loop
INFO: Frame rendered successfully
INFO: Program terminated successfully
INFO: Starting application
INFO: GLFW initialized successfully
INFO: GLAD initialized successfully
INFO: OpenGL configuration set (Depth Test, Face Culling, Blending enabled)
INFO: Starting main render loop
INFO: Frame rendered successfully
INFO: Program terminated successfully
INFO: Starting application
INFO: GLFW initialized successfully
INFO: GLAD initialized successfully
INFO: OpenGL configuration set (Depth Test, Face Culling, Blending enabled)
INFO: Starting main render loop
INFO: Frame rendered successfully
INFO: Program terminated successfully
INFO: Starting application
INFO: GLFW initialized successfully
INFO: GLAD initialized successfully
INFO: OpenGL configuration set (Depth Test, Face Culling, Blending enabled)
INFO: Starting main render loop
INFO: Frame rendered successfully
INFO: Program terminated successfully
INFO: Starting application
INFO: GLFW initialized successfully
INFO: GLAD initialized successfully
INFO: OpenGL configuration set (Depth Test, Face Culling, Blending enabled)
INFO: Starting main render loop
INFO: Frame rendered successfully
INFO: Program terminated successfully
INFO: Starting application
INFO: GLFW initialized successfully
INFO: GLAD initialized successfully
INFO: OpenGL configuration set (Depth Test, Face Culling, Blending enabled)
INFO: Starting main render loop
INFO: Frame rendered successfully
INFO: Program terminated successfully
INFO: Starting application
INFO: GLFW initialized successfully
INFO: GLAD initialized successfully
INFO: OpenGL configuration set (Depth Test, Face Culling, Blending enabled)
INFO: Starting main render loop
INFO: Frame rendered successfully
INFO: Framebuffer size callback triggered. Width: 1920, Height: 991
INFO: Program terminated successfully
INFO: Starting application
INFO: GLFW initialized successfully
INFO: GLAD initialized successfully
INFO: OpenGL configuration set (Depth Test, Face Culling, Blending enabled)
INFO: Starting main render loop
INFO: Frame rendered successfully
INFO: Framebuffer size callback triggered. Width: 958, Height: 471
INFO: Framebuffer size callback triggered. Width: 958, Height: 981
INFO: Framebuffer size callback triggered. Width: 958, Height: 937
INFO: Framebuffer size callback triggered. Width: 958, Height: 910
INFO: Framebuffer size callback triggered. Width: 958, Height: 895
INFO: Framebuffer size callback triggered. Width: 958, Height: 866
INFO: Framebuffer size callback triggered. Width: 958, Height: 844
INFO: Framebuffer size callback triggered. Width: 958, Height: 832
INFO: Framebuffer size callback triggered. Width: 958, Height: 821
INFO: Framebuffer size callback triggered. Width: 958, Height: 805
INFO: Framebuffer size callback triggered. Width: 958, Height: 799
INFO: Framebuffer size callback triggered. Width: 958, Height: 794
INFO: Framebuffer size callback triggered. Width: 958, Height: 791
INFO: Framebuffer size callback triggered. Width: 958, Height: 787
INFO: Framebuffer size callback triggered. Width: 958, Height: 783
INFO: Framebuffer size callback triggered. Width: 958, Height: 781
INFO: Framebuffer size callback triggered. Width: 958, Height: 780
INFO: Framebuffer size callback triggered. Width: 958, Height: 782
INFO: Framebuffer size callback triggered. Width: 958, Height: 793
INFO: Framebuffer size callback triggered. Width: 958, Height: 797
INFO: Framebuffer size callback triggered. Width: 958, Height: 802
INFO: Framebuffer size callback triggered. Width: 958, Height: 806
INFO: Framebuffer size callback triggered. Width: 958, Height: 813
INFO: Framebuffer size callback triggered. Width: 958, Height: 814
INFO: Framebuffer size callback triggered. Width: 958, Height: 817
INFO: Framebuffer size callback triggered. Width: 958, Height: 818
INFO: Framebuffer size callback triggered. Width: 958, Height: 819
INFO: Framebuffer size callback triggered. Width: 958, Height: 820
INFO: Framebuffer size callback triggered. Width: 958, Height: 822
INFO: Framebuffer size callback triggered. Width: 958, Height: 823
INFO: Framebuffer size callback triggered. Width: 958, Height: 824
INFO: Framebuffer size callback triggered. Width: 958, Height: 825
INFO: Framebuffer size callback triggered. Width: 958, Height: 826
INFO: Framebuffer size callback triggered. Width: 958, Height: 827
INFO: Framebuffer size callback triggered. Width: 958, Height: 828
INFO: Framebuffer size callback triggered. Width: 958, Height: 830
INFO: Framebuffer size callback triggered. Width: 958, Height: 834
INFO: Framebuffer size callback triggered. Width: 958, Height: 835
INFO: Framebuffer size callback triggered. Width: 958, Height: 836
INFO: Framebuffer size callback triggered. Width: 958, Height: 837
INFO: Framebuffer size callback triggered. Width: 958, Height: 838
INFO: Framebuffer size callback triggered. Width: 0, Height: 0
INFO: Program terminated successfully
INFO: Starting application
INFO: GLFW initialized successfully
INFO: GLAD initialized successfully
INFO: OpenGL configuration set (Depth Test, Face Culling, Blending enabled)
INFO: Starting main render loop
INFO: Frame rendered successfully
INFO: Program terminated successfully
INFO: Starting application
INFO: GLFW initialized successfully
INFO: GLAD initialized successfully
INFO: OpenGL configuration set (Depth Test, Face Culling, Blending enabled)
INFO: Starting main render loop
INFO: Frame rendered successfully
INFO: Program terminated successfully
INFO: Starting application
INFO: GLFW initialized successfully
INFO: GLAD initialized successfully
INFO: OpenGL configuration set (Depth Test, Face Culling, Blending enabled)
INFO: Starting main render loop
INFO: Frame rendered successfully
INFO: Program terminated successfully
INFO: Starting application
INFO: GLFW initialized successfully
INFO: GLAD initialized successfully
INFO: OpenGL configuration set (Depth Test, Face Culling, Blending enabled)
INFO: Starting main render loop
INFO: Frame rendered successfully
INFO: Program terminated successfully
INFO: Starting application
INFO: GLFW initialized successfully
INFO: GLAD initialized successfully
INFO: OpenGL configuration set (Depth Test, Face Culling, Blending enabled)
INFO: Starting main render loop
INFO: Frame rendered successfully
INFO: Program terminated successfully
INFO: Starting application
INFO: GLFW initialized successfully
INFO: GLAD initialized successfully
INFO: OpenGL configuration set (Depth Test, Face Culling, Blending enabled)
INFO: Starting main render loop
INFO: Frame rendered successfully
INFO: Framebuffer size callback triggered. Width: 1920, Height: 991
INFO: Framebuffer size callback triggered. Width: 1920, Height: 1051
INFO: Starting application
INFO: GLFW initialized successfully
INFO: GLAD initialized successfully
INFO: OpenGL configuration set (Depth Test, Face Culling, Blending enabled)
INFO: Starting main render loop
INFO: Program terminated successfully
INFO: Starting application
INFO: GLFW initialized successfully
INFO: GLAD initialized successfully
INFO: OpenGL configuration set (Depth Test, Face Culling, Blending enabled)
INFO: Starting main render loop
INFO: Program terminated successfully
INFO: Starting application
INFO: GLFW initialized successfully
INFO: GLAD initialized successfully
INFO: OpenGL configuration set (Depth Test, Face Culling, Blending enabled)
INFO: Starting main render loop
INFO: Framebuffer size callback triggered. Width: 1920, Height: 991
INFO: Program terminated successfully
INFO: Starting application
INFO: GLFW initialized successfully
INFO: GLAD initialized successfully
INFO: OpenGL configuration set (Depth Test, Face Culling, Blending enabled)
INFO: Starting main render loop
INFO: Program terminated successfully
INFO: Starting application
INFO: GLFW initialized successfully
INFO: GLAD initialized successfully
INFO: OpenGL configuration set (Depth Test, Face Culling, Blending enabled)
INFO: Starting main render loop
INFO: Program terminated successfully
INFO: Starting application
INFO: GLFW initialized successfully
INFO: GLAD initialized successfully
INFO: OpenGL configuration set (Depth Test, Face Culling, Blending enabled)
INFO: Starting main render loop
INFO: Starting application
INFO: GLFW initialized successfully
INFO: GLAD initialized successfully
INFO: OpenGL configuration set (Depth Test, Face Culling, Blending enabled)
INFO: Starting main render loop
INFO: Starting application
INFO: GLFW initialized successfully
INFO: GLAD initialized successfully
INFO: OpenGL configuration set (Depth Test, Face Culling, Blending enabled)
INFO: Starting main render loop
INFO: Program terminated successfully
INFO: Starting application
INFO: GLFW initialized successfully
INFO: GLAD initialized successfully
INFO: OpenGL configuration set (Depth Test, Blending enabled)
INFO: Starting main render loop
INFO: Program terminated successfully
[2024-11-22 04:40:48] INFO: Starting application
[2024-11-22 04:40:48] INFO: GLFW initialized successfully
[2024-11-22 04:40:48] INFO: GLAD initialized successfully
[2024-11-22 04:40:48] INFO: OpenGL configuration set (Depth Test, Face Culling, Blending enabled)
[2024-11-22 04:40:50] ERROR: Failed to initialize Hiking Simulator
[2024-11-22 04:48:29] INFO: Starting application
[2024-11-22 04:48:30] INFO: GLFW initialized successfully
[2024-11-22 04:48:30] INFO: GLAD initialized successfully
[2024-11-22 04:48:30] INFO: OpenGL configuration set (Depth Test, Face Culling, Blending enabled)
[2024-11-22 04:48:32] ERROR: Failed to initialize Hiking Simulator
[2024-11-22 05:03:43] INFO: Starting application
[2024-11-22 05:03:43] INFO: GLFW initialized successfully
[2024-11-22 05:03:43] INFO: GLAD initialized successfully
[2024-11-22 05:03:43] INFO: OpenGL configuration set (Depth Test, Face Culling, Blending enabled)
[2024-11-22 05:03:45] ERROR: Failed to initialize Hiking Simulator
[2024-11-22 05:07:08] INFO: Starting application
[2024-11-22 05:07:08] INFO: GLFW initialized successfully
[2024-11-22 05:07:08] INFO: GLAD initialized successfully
[2024-11-22 05:07:08] INFO: OpenGL configuration set (Depth Test, Face Culling, Blending enabled)
[2024-11-22 05:07:10] ERROR: Failed to initialize Hiking Simulator
[2024-11-22 05:11:32] INFO: Starting application
[2024-11-22 05:11:32] INFO: GLFW initialized successfully
[2024-11-22 05:11:33] INFO: GLAD initialized successfully
[2024-11-22 05:11:33] INFO: OpenGL configuration set (Depth Test, Face Culling, Blending enabled)
[2024-11-22 05:11:34] ERROR: Failed to initialize Hiking Simulator
[2024-11-22 05:15:01] INFO: Starting application
[2024-11-22 05:15:01] INFO: GLFW initialized successfully
[2024-11-22 05:15:01] INFO: GLAD initialized successfully
[2024-11-22 05:15:01] INFO: OpenGL configuration set (Depth Test, Face Culling, Blending enabled)
[2024-11-22 05:15:03] ERROR: Failed to initialize Hiking Simulator
[2024-11-22 05:16:18] INFO: Starting application
[2024-11-22 05:16:18] INFO: GLFW initialized successfully
[2024-11-22 05:16:18] INFO: GLAD initialized successfully
[2024-11-22 05:16:18] INFO: OpenGL configuration set (Depth Test, Face Culling, Blending enabled)
[2024-11-22 05:16:21] INFO: Starting main render loop
[2024-11-22 05:16:21] ERROR: OpenGL Error in Simulator Render: 1282
[2024-11-22 05:16:21] INFO: Program terminated successfully
[2024-11-22 05:19:57] INFO: Starting application
[2024-11-22 05:19:57] INFO: GLFW initialized successfully
[2024-11-22 05:19:58] INFO: GLAD initialized successfully
[2024-11-22 05:19:58] INFO: OpenGL configuration set (Depth Test, Face Culling, Blending enabled)
[2024-11-22 05:20:00] INFO: Starting main render loop
[2024-11-22 05:20:04] INFO: Program terminated successfully
[2024-11-22 05:25:38] INFO: Starting application
[2024-11-22 05:25:38] INFO: GLFW initialized successfully
[2024-11-22 05:25:39] INFO: GLAD initialized successfully
[2024-11-22 05:25:39] INFO: OpenGL configuration set (Depth Test, Face Culling, Blending enabled)
[2024-11-22 05:25:41] INFO: Starting main render loop
[2024-11-22 05:27:44] INFO: Starting application
[2024-11-22 05:27:44] INFO: GLFW initialized successfully
[2024-11-22 05:27:44] INFO: GLAD initialized successfully
[2024-11-22 05:27:44] INFO: OpenGL configuration set (Depth Test, Face Culling, Blending enabled)
[2024-11-22 05:27:46] INFO: Starting main render loop
[2024-11-22 05:28:05] INFO: Program terminated successfully
[2024-11-22 05:59:28] INFO: Starting application
[2024-11-22 05:59:28] INFO: GLFW initialized successfully
[2024-11-22 05:59:28] INFO: GLAD initialized successfully
[2024-11-22 05:59:28] INFO: OpenGL configuration set (Depth Test, Face Culling, Blending enabled)
[2024-11-22 05:59:31] INFO: Starting main render loop
[2024-11-22 11:34:52] INFO: Starting application
[2024-11-22 11:34:52] INFO: GLFW initialized successfully
[2024-11-22 11:34:53] INFO: GLAD initialized successfully
[2024-11-22 11:34:53] INFO: OpenGL configuration set (Depth Test enabled, Face Culling disabled, Blending enabled)
[2024-11-22 11:34:55] INFO: Starting main render loop
[2024-11-22 11:35:13] INFO: Program terminated successfully
[2024-11-22 11:35:53] INFO: Starting application
[2024-11-22 11:35:53] INFO: GLFW initialized successfully
[2024-11-22 11:35:53] INFO: GLAD initialized successfully
[2024-11-22 11:35:53] INFO: OpenGL configuration set (Depth Test enabled, Face Culling disabled, Blending enabled)
[2024-11-22 11:35:55] INFO: Starting main render loop
[2024-11-22 11:40:47] INFO: Starting application
[2024-11-22 11:40:47] INFO: GLFW initialized successfully
[2024-11-22 11:40:48] INFO: GLAD initialized successfully
[2024-11-22 11:40:48] INFO: OpenGL configuration set (Depth Test enabled, Face Culling disabled, Blending enabled)
[2024-11-22 11:40:50] INFO: Starting main render loop
[2024-11-22 13:14:23] INFO: Starting application
[2024-11-22 13:14:23] INFO: GLFW initialized successfully
[2024-11-22 13:14:23] INFO: GLAD initialized successfully
[2024-11-22 13:14:23] INFO: OpenGL configuration set (Depth Test enabled, Face Culling disabled, Blending enabled)
[2024-11-22 13:14:26] INFO: Starting main render loop
[2024-11-22 13:15:11] INFO: Program terminated successfully
[2024-11-22 13:17:35] INFO: Starting application
[2024-11-22 13:17:35] INFO: GLFW initialized successfully
[2024-11-22 13:17:35] INFO: GLAD initialized successfully
[2024-11-22 13:17:35] INFO: OpenGL configuration set (Depth Test enabled, Face Culling disabled, Blending enabled)
[2024-11-22 13:17:38] INFO: Starting main render loop
[2024-11-22 13:17:41] INFO: Framebuffer size callback triggered. Width: 0, Height: 0
[2024-11-22 13:17:46] INFO: Program terminated successfully
[2024-11-22 13:52:25] INFO: Starting application
[2024-11-22 13:52:25] INFO: GLFW initialized successfully
[2024-11-22 13:53:17] INFO: Starting application
[2024-11-22 13:53:17] INFO: GLFW initialized successfully
[2024-11-22 13:55:09] INFO: Starting application
[2024-11-22 13:55:09] INFO: GLFW initialized successfully
[2024-11-22 13:55:33] INFO: Starting application
[2024-11-22 13:55:33] INFO: GLFW initialized successfully
[2024-11-22 14:00:02] INFO: Starting application
[2024-11-22 14:00:02] INFO: GLFW initialized successfully
[2024-11-22 14:00:02] INFO: GLAD initialized successfully
[2024-11-22 14:00:02] INFO: OpenGL configuration set (Depth Test enabled, Face Culling disabled, Blending enabled)
[2024-11-22 14:00:05] INFO: Starting main render loop
[2024-11-22 14:00:45] INFO: Program terminated successfully
[2024-11-22 15:20:21] INFO: Starting application
[2024-11-22 15:20:24] INFO: Starting main render loop
[2024-11-22 15:20:34] INFO: Starting application
[2024-11-22 15:20:37] INFO: Starting main render loop
[2024-11-22 15:20:48] INFO: Starting application
[2024-11-22 15:20:51] INFO: Starting main render loop
[2024-11-22 15:23:22] INFO: Program terminated successfully
[2024-11-22 15:28:15] INFO: Starting application
[2024-11-22 15:28:18] INFO: Starting main render loop
[2024-11-22 15:28:56] INFO: Program terminated successfully
[2024-11-22 15:29:51] INFO: Starting application
[2024-11-22 15:29:54] INFO: Starting main render loop
[2024-11-22 15:30:07] INFO: Starting application
[2024-11-22 15:30:10] INFO: Starting main render loop
[2024-11-22 15:30:17] INFO: Program terminated successfully
[2024-11-22 15:33:06] INFO: Starting application
[2024-11-22 15:33:09] INFO: Starting main render loop
[2024-11-22 15:33:12] INFO: Program terminated successfully
[2024-11-22 15:37:18] INFO: Starting application
[2024-11-22 15:37:20] INFO: Starting main render loop
[2024-11-22 15:37:40] INFO: Program terminated successfully
[2024-11-22 15:37:53] INFO: Starting application
[2024-11-22 15:37:57] INFO: Starting main render loop
[2024-11-22 15:38:15] INFO: Program terminated successfully
[2024-11-22 15:38:40] INFO: Starting application
[2024-11-22 15:38:43] INFO: Starting main render loop
[2024-11-22 15:43:33] INFO: Starting application
[2024-11-22 15:43:36] INFO: Starting main render loop
[2024-11-22 15:45:01] INFO: Program terminated successfully
[2024-11-22 15:48:51] INFO: Starting application
[2024-11-22 15:48:54] INFO: Starting main render loop
[2024-11-22 15:49:05] INFO: Program terminated successfully
[2024-11-22 16:38:21] INFO: Starting application
[2024-11-22 16:38:25] INFO: Starting main render loop
[2024-11-22 16:38:41] INFO: Program terminated successfully
[2024-11-22 16:41:47] INFO: Starting application
[2024-11-22 16:41:49] INFO: Starting main render loop
[2024-11-22 16:42:57] INFO: Program terminated successfully
[2024-11-22 16:44:35] INFO: Starting application
[2024-11-22 16:44:37] INFO: Starting main render loop
[2024-11-22 16:45:09] INFO: Program terminated successfully
[2024-11-22 16:46:28] INFO: Starting application
[2024-11-22 16:46:31] INFO: Starting main render loop
[2024-11-22 16:46:50] INFO: Program terminated successfully
[2024-11-22 16:48:36] INFO: Starting application
[2024-11-22 16:48:39] INFO: Starting main render loop
[2024-11-22 16:48:45] INFO: Program terminated successfully
[2024-11-22 16:49:27] INFO: Starting application
[2024-11-22 16:49:29] INFO: Starting main render loop
[2024-11-22 16:52:45] INFO: Starting application
[2024-11-22 16:52:48] INFO: Starting main render loop
[2024-11-22 16:55:59] INFO: Starting application
[2024-11-22 16:56:02] INFO: Starting main render loop
[2024-11-22 16:56:22] INFO: Program terminated successfully
[2024-11-22 16:57:27] INFO: Starting application
[2024-11-22 16:57:30] INFO: Starting main render loop
[2024-11-22 16:57:52] INFO: Program terminated successfully
[2024-11-22 17:03:21] INFO: Starting application
[2024-11-22 17:03:24] INFO: Starting main render loop
[2024-11-22 17:03:26] INFO: Program terminated successfully
[2024-11-22 17:09:37] INFO: Starting application
[2024-11-22 17:09:40] INFO: Starting main render loop
[2024-11-22 17:10:18] INFO: Program terminated successfully
[2024-11-22 18:33:50] INFO: Starting application
[2024-11-22 18:33:54] INFO: Starting main render loop
[2024-11-22 18:35:13] INFO: Program terminated successfully
[2024-11-22 20:02:34] INFO: Starting application
[2024-11-22 20:02:40] INFO: Starting main render loop
[2024-11-23 21:38:20] INFO: Program terminated successfully
[2024-11-24 10:05:11] INFO: Starting application
[2024-11-24 10:05:14] INFO: Starting main render loop
[2024-11-24 10:05:22] INFO: Program terminated successfully
[2024-11-24 10:17:30] INFO: Starting application
[2024-11-24 10:17:33] INFO: Starting main render loop
[2024-11-24 10:23:44] INFO: Starting application
[2024-11-24 10:23:47] INFO: Starting main render loop
[2024-11-24 10:28:59] INFO: Starting application
[2024-11-24 10:29:01] INFO: Starting main render loop
[2024-11-24 10:40:40] INFO: Starting application
[2024-11-24 10:40:42] INFO: Starting main render loop
[2024-11-24 10:41:32] INFO: Program terminated successfully
[2024-11-24 11:22:28] INFO: Starting application
[2024-11-24 11:22:30] INFO: Starting main render loop
[2024-11-24 11:43:28] INFO: Starting application
[2024-11-24 11:43:30] INFO: Starting main render loop
[2024-11-24 11:44:18] INFO: Starting application
[2024-11-24 11:44:21] INFO: Starting main render loop
[2024-11-24 11:44:32] INFO: Program terminated successfully
[2024-11-25 02:19:49] INFO: Starting application
[2024-11-25 02:19:52] INFO: Starting main render loop
[2024-11-25 02:23:43] INFO: Starting application
[2024-11-25 02:23:46] INFO: Starting main render loop
[2024-11-25 02:24:18] INFO: Program terminated successfully
[2024-11-25 02:26:55] INFO: Starting application
[2024-11-25 02:26:58] INFO: Starting main render loop
[2024-11-25 02:33:37] INFO: Starting application
[2024-11-25 02:33:40] INFO: Starting main render loop
[2024-11-25 02:34:03] INFO: Program terminated successfully
[2024-11-25 02:36:30] INFO: Starting application
[2024-11-25 02:36:33] INFO: Starting main render loop
[2024-11-25 02:36:49] INFO: Program terminated successfully
[2024-11-25 03:07:56] INFO: Starting application
[2024-11-25 03:07:59] INFO: Starting main render loop
[2024-11-25 03:08:26] INFO: Program terminated successfully
[2024-11-25 03:11:39] INFO: Starting application
[2024-11-25 03:11:42] INFO: Starting main render loop
[2024-11-25 03:11:56] INFO: Program terminated successfully
[2024-11-25 03:13:33] INFO: Starting application
[2024-11-25 03:13:36] INFO: Starting main render loop
[2024-11-25 03:13:52] INFO: Program terminated successfully
[2024-11-25 03:18:42] INFO: Starting application
[2024-11-25 03:18:45] INFO: Starting main render loop
[2024-11-25 03:18:59] INFO: Program terminated successfully
[2024-11-25 03:31:46] INFO: Starting application
[2024-11-25 03:31:49] INFO: Starting main render loop
[2024-11-25 03:34:39] INFO: Starting application
[2024-11-25 03:34:42] INFO: Starting main render loop
[2024-11-25 03:36:36] INFO: Program terminated successfully
[2024-11-25 08:04:42] INFO: Starting application
[2024-11-25 08:04:45] INFO: Starting main render loop
[2024-11-25 08:58:32] INFO: Starting application
[2024-11-25 08:58:36] INFO: Starting main render loop
[2024-11-25 08:58:51] INFO: Program terminated successfully
[2024-11-25 09:10:14] INFO: Starting application
[2024-11-25 09:10:19] INFO: Starting main render loop
[2024-11-25 09:12:08] INFO: Program terminated successfully
[2024-11-25 09:23:37] INFO: Starting application
[2024-11-25 09:23:42] INFO: Starting main render loop
[2024-11-25 09:23:50] INFO: Program terminated successfully
[2024-11-26 04:48:10] INFO: Starting application
[2024-11-26 04:48:14] INFO: Starting main render loop
[2024-11-26 04:49:11] INFO: Program terminated successfully
[2024-11-26 04:56:42] INFO: Starting application
[2024-11-26 04:56:45] INFO: Starting main render loop
[2024-11-26 04:59:00] INFO: Program terminated successfully
[2024-11-26 05:02:25] INFO: Starting application
[2024-11-26 05:02:28] INFO: Starting main render loop
[2024-11-26 05:03:52] INFO: Program terminated successfully
[2024-11-26 05:04:08] INFO: Starting application
[2024-11-26 05:04:11] INFO: Starting main render loop
[2024-11-26 05:06:48] INFO: Starting application
[2024-11-26 05:06:51] INFO: Starting main render loop
[2024-11-26 05:09:25] INFO: Program terminated successfully
[2024-11-26 05:13:11] INFO: Starting application
[2024-11-26 05:13:14] INFO: Starting main render loop
[2024-11-26 05:15:18] INFO: Program terminated successfully
[2024-11-26 05:17:03] INFO: Starting application
[2024-11-26 05:17:06] INFO: Starting main render loop
[2024-11-26 05:17:31] INFO: Program terminated successfully
[2024-11-26 05:25:01] INFO: Starting application
[2024-11-26 05:25:04] INFO: Starting main render loop
[2024-11-26 05:26:07] INFO: Program terminated successfully
[2024-11-26 05:26:52] INFO: Starting application
[2024-11-26 05:26:55] INFO: Starting main render loop
[2024-11-26 05:28:00] INFO: Program terminated successfully
[2024-11-26 05:44:32] INFO: Starting application
[2024-11-26 05:44:35] INFO: Starting main render loop
[2024-11-26 05:46:28] INFO: Starting application
[2024-11-26 05:46:31] INFO: Starting main render loop
[2024-11-26 05:48:43] INFO: Starting application
[2024-11-26 05:48:46] INFO: Starting main render loop
[2024-11-26 05:49:16] INFO: Program terminated successfully
[2024-11-26 05:50:59] INFO: Starting application
[2024-11-26 05:51:02] INFO: Starting main render loop
[2024-11-26 05:52:16] INFO: Program terminated successfully
[2024-11-26 05:53:39] INFO: Starting application
[2024-11-26 05:53:42] INFO: Starting main render loop
[2024-11-26 05:55:51] INFO: Program terminated successfully
[2024-11-26 06:01:22] INFO: Starting application
[2024-11-26 06:01:26] INFO: Starting main render loop
[2024-11-26 06:02:17] INFO: Program terminated successfully
[2024-11-26 06:03:05] INFO: Starting application
[2024-11-26 06:03:08] INFO: Starting main render loop
[2024-11-26 06:03:31] INFO: Program terminated successfully
[2024-11-26 06:07:51] INFO: Starting application
[2024-11-26 06:07:54] INFO: Starting main render loop
[2024-11-26 06:08:08] INFO: Program terminated successfully
[2024-11-26 06:08:29] INFO: Starting application
[2024-11-26 06:08:32] INFO: Starting main render loop
[2024-11-26 06:08:40] INFO: Program terminated successfully
[2024-11-26 06:09:20] INFO: Starting application
[2024-11-26 06:09:23] INFO: Starting main render loop
[2024-11-26 06:09:33] INFO: Program terminated successfully
[2024-11-26 06:14:40] INFO: Starting application
[2024-11-26 06:14:43] INFO: Starting main render loop
[2024-11-26 06:15:11] INFO: Program terminated successfully
[2024-11-26 06:39:12] INFO: Starting application
[2024-11-26 06:39:15] INFO: Starting main render loop
[2024-11-26 06:40:23] INFO: Program terminated successfully
[2024-11-26 06:44:39] INFO: Starting application
[2024-11-26 06:44:42] INFO: Starting main render loop
[2024-11-26 06:44:47] INFO: Program terminated successfully
[2024-11-26 06:45:04] INFO: Starting application
[2024-11-26 06:45:07] INFO: Starting main render loop
[2024-11-26 06:45:33] INFO: Program terminated successfully
[2024-11-26 06:52:35] INFO: Starting application
[2024-11-26 06:52:38] INFO: Starting main render loop
[2024-11-26 06:53:43] INFO: Starting application
[2024-11-26 06:53:46] INFO: Starting main render loop
[2024-11-26 06:54:38] INFO: Program terminated successfully
[2024-11-26 06:59:31] INFO: Starting application
[2024-11-26 06:59:33] INFO: Starting main render loop
[2024-11-26 06:59:41] INFO: Program terminated successfully
[2024-11-26 07:00:07] INFO: Starting application
[2024-11-26 07:00:10] INFO: Starting main render loop
[2024-11-26 07:06:37] INFO: Starting application
[2024-11-26 07:06:40] INFO: Starting main render loop
[2024-11-26 07:06:50] INFO: Program terminated successfully
[2024-11-26 09:07:16] INFO: Starting application
[2024-11-26 09:07:20] INFO: Starting main render loop
[2024-11-26 09:07:46] INFO: Program terminated successfully
[2024-11-26 09:28:05] INFO: Starting application
[2024-11-26 09:28:09] INFO: Starting main render loop
[2024-11-26 09:28:28] INFO: Program terminated successfully
[2024-11-26 09:40:27] INFO: Starting application
[2024-11-26 09:40:32] INFO: Starting main render loop
[2024-11-26 09:40:40] INFO: Program terminated successfully
[2024-11-26 09:45:41] INFO: Starting application
[2024-11-26 09:45:46] INFO: Starting main render loop
[2024-11-26 09:50:02] INFO: Starting application
[2024-11-26 09:50:07] INFO: Starting main render loop
[2024-11-26 09:58:17] INFO: Starting application
[2024-11-26 09:58:21] INFO: Starting main render loop
[2024-11-26 09:58:45] INFO: Program terminated successfully
[2024-11-26 09:59:33] INFO: Starting application
[2024-11-26 09:59:37] INFO: Starting main render loop
[2024-11-26 09:59:51] INFO: Program terminated successfully
[2024-11-26 10:02:57] INFO: Starting application
[2024-11-26 10:03:02] INFO: Starting main render loop
[2024-11-26 10:03:06] INFO: Program terminated successfully
[2024-11-26 10:07:20] INFO: Starting application
[2024-11-26 10:07:25] INFO: Starting main render loop
[2024-11-26 10:07:52] INFO: Program terminated successfully
[2024-11-26 10:22:16] INFO: Starting application
[2024-11-26 10:22:21] INFO: Starting main render loop
[2024-11-26 10:22:48] INFO: Program terminated successfully
[2024-11-26 10:38:32] INFO: Starting application
[2024-11-26 10:38:37] INFO: Starting main render loop
[2024-11-26 10:38:58] INFO: Program terminated successfully
[2024-11-26 10:40:53] INFO: Starting application
[2024-11-26 10:40:58] INFO: Starting main render loop
[2024-11-26 10:41:02] INFO: Program terminated successfully
[2024-11-26 11:00:42] INFO: Starting application
[2024-11-26 11:00:46] INFO: Starting main render loop
[2024-11-26 11:00:55] INFO: Program terminated successfully
[2024-11-26 11:01:26] INFO: Starting application
[2024-11-26 11:01:30] INFO: Starting main render loop
[2024-11-26 11:01:40] INFO: Program terminated successfully
[2024-11-27 01:55:33] INFO: Starting application
[2024-11-27 01:55:36] INFO: Starting main render loop
[2024-11-27 01:56:10] INFO: Program terminated successfully
[2024-11-27 02:13:32] INFO: Starting application
[2024-11-27 02:13:35] INFO: Starting main render loop
[2024-11-27 02:14:15] INFO: Program terminated successfully
[2024-11-27 02:19:04] INFO: Starting application
[2024-11-27 02:19:07] INFO: Starting main render loop
[2024-11-27 02:19:31] INFO: Program terminated successfully
[2024-11-27 02:31:23] INFO: Starting application
[2024-11-27 02:31:26] INFO: Starting main render loop
[2024-11-27 02:31:34] INFO: Program terminated successfully
[2024-11-27 02:32:14] INFO: Starting application
[2024-11-27 02:32:17] INFO: Starting main render loop
[2024-11-27 02:32:43] INFO: Program terminated successfully
[2024-11-27 02:35:49] INFO: Starting application
[2024-11-27 02:35:52] INFO: Starting main render loop
[2024-11-27 02:36:20] INFO: Program terminated successfully
[2024-11-27 02:41:10] INFO: Starting application
[2024-11-27 02:41:13] INFO: Starting main render loop
[2024-11-27 02:41:40] INFO: Program terminated successfully
[2024-11-27 02:51:58] INFO: Starting application
[2024-11-27 02:52:01] INFO: Starting main render loop
[2024-11-27 02:53:02] INFO: Program terminated successfully
[2024-11-27 02:57:46] INFO: Starting application
[2024-11-27 02:57:48] INFO: Starting main render loop
[2024-11-27 02:58:00] INFO: Program terminated successfully
[2024-11-27 02:58:17] INFO: Starting application
[2024-11-27 02:58:19] INFO: Starting main render loop
[2024-11-27 02:58:29] INFO: Program terminated successfully
[2024-11-27 02:58:51] INFO: Starting application
[2024-11-27 02:58:54] INFO: Starting main render loop
[2024-11-27 02:59:03] INFO: Program terminated successfully
[2024-11-27 02:59:18] INFO: Starting application
[2024-11-27 02:59:21] INFO: Starting main render loop
[2024-11-27 03:00:33] INFO: Program terminated successfully
[2024-11-27 03:13:56] INFO: Starting application
[2024-11-27 03:13:58] INFO: Starting main render loop
[2024-11-27 03:14:36] INFO: Program terminated successfully
[2024-11-27 03:18:29] INFO: Starting application
[2024-11-27 03:18:32] INFO: Starting main render loop
[2024-11-27 03:19:01] INFO: Program terminated successfully
[2024-11-27 03:19:21] INFO: Starting application
[2024-11-27 03:19:23] INFO: Starting main render loop
[2024-11-27 03:22:19] INFO: Program terminated successfully
[2024-11-27 03:22:27] INFO: Starting application
[2024-11-27 03:22:29] INFO: Starting main render loop
[2024-11-27 03:22:42] INFO: Program terminated successfully
[2024-11-27 03:32:05] INFO: Starting application
[2024-11-27 03:32:08] INFO: Starting main render loop
[2024-11-27 03:32:53] INFO: Program terminated successfully
[2024-11-27 03:33:05] INFO: Starting application
[2024-11-27 03:33:08] INFO: Starting main render loop
[2024-11-27 03:33:42] INFO: Program terminated successfully
[2024-11-27 03:34:08] INFO: Starting application
[2024-11-27 03:34:10] INFO: Starting main render loop
[2024-11-27 03:34:29] INFO: Program terminated successfully
[2024-11-27 04:01:58] INFO: Starting application
[2024-11-27 04:02:00] INFO: Starting main render loop
[2024-11-27 04:02:31] INFO: Program terminated successfully
[2024-11-27 04:02:57] INFO: Starting application
[2024-11-27 04:03:00] INFO: Starting main render loop
[2024-11-27 04:04:29] INFO: Program terminated successfully
[2024-11-27 04:04:41] INFO: Starting application
[2024-11-27 04:04:44] INFO: Starting main render loop
[2024-11-27 04:05:09] INFO: Program terminated successfully
[2024-11-27 04:05:13] INFO: Starting application
[2024-11-27 04:05:16] INFO: Starting main render loop
[2024-11-27 04:05:20] INFO: Program terminated successfully
[2024-11-27 04:05:34] INFO: Starting application
[2024-11-27 04:05:37] INFO: Starting main render loop
[2024-11-27 04:05:49] INFO: Program terminated successfully
[2024-11-27 04:16:10] INFO: Starting application
[2024-11-27 04:16:13] INFO: Starting main render loop
[2024-11-27 04:16:24] INFO: Program terminated successfully
[2024-11-27 04:16:38] INFO: Starting application
[2024-11-27 04:16:41] INFO: Starting main render loop
[2024-11-27 04:17:16] INFO: Program terminated successfully
[2024-11-27 04:20:39] INFO: Starting application
[2024-11-27 04:20:42] INFO: Starting main render loop
[2024-11-27 04:22:43] INFO: Program terminated successfully
[2024-11-27 04:22:53] INFO: Starting application
[2024-11-27 04:22:55] INFO: Starting main render loop
[2024-11-27 04:23:12] INFO: Program terminated successfully
[2024-11-27 04:25:42] INFO: Starting application
[2024-11-27 04:25:45] INFO: Starting main render loop
[2024-11-27 04:25:57] INFO: Program terminated successfully
[2024-11-27 04:27:06] INFO: Starting application
[2024-11-27 04:27:09] INFO: Starting main render loop
[2024-11-27 04:27:22] INFO: Program terminated successfully
[2024-11-27 04:27:57] INFO: Starting application
[2024-11-27 04:28:00] INFO: Starting main render loop
[2024-11-27 04:28:34] INFO: Program terminated successfully
[2024-11-27 04:28:42] INFO: Starting application
[2024-11-27 04:28:45] INFO: Starting main render loop
[2024-11-27 04:28:54] INFO: Program terminated successfully
[2024-11-27 04:29:29] INFO: Starting application
[2024-11-27 04:29:32] INFO: Starting main render loop
[2024-11-27 04:30:41] INFO: Starting application
[2024-11-27 04:30:44] INFO: Starting main render loop
[2024-11-27 04:31:52] INFO: Starting application
[2024-11-27 04:31:55] INFO: Starting main render loop
[2024-11-27 04:32:02] INFO: Program terminated successfully
[2024-11-27 04:32:42] INFO: Starting application
[2024-11-27 04:32:45] INFO: Starting main render loop
[2024-11-27 04:35:47] INFO: Starting application
[2024-11-27 04:35:50] INFO: Starting main render loop
[2024-11-27 04:36:00] INFO: Program terminated successfully
[2024-11-27 04:37:12] INFO: Starting application
[2024-11-27 04:37:15] INFO: Starting main render loop
[2024-11-27 04:37:22] INFO: Program terminated successfully
[2024-11-27 04:37:37] INFO: Starting application
[2024-11-27 04:37:40] INFO: Starting main render loop
[2024-11-27 04:37:43] INFO: Program terminated successfully
[2024-11-27 04:38:44] INFO: Starting application
[2024-11-27 04:38:46] INFO: Starting main render loop
[2024-11-27 04:38:52] INFO: Program terminated successfully
[2024-11-27 04:39:06] INFO: Starting application
[2024-11-27 04:39:09] INFO: Starting main render loop
[2024-11-27 04:41:27] INFO: Program terminated successfully
[2024-11-27 04:41:37] INFO: Starting application
[2024-11-27 04:41:40] INFO: Starting main render loop
[2024-11-27 04:42:39] INFO: Program terminated successfully
[2024-11-27 04:45:39] INFO: Starting application
[2024-11-27 04:45:42] INFO: Starting main render loop
[2024-11-27 04:45:52] INFO: Program terminated successfully
[2024-11-27 05:16:15] INFO: Starting application
[2024-11-27 05:16:18] INFO: Starting main render loop
[2024-11-27 05:16:23] INFO: Program terminated successfully
[2024-11-27 05:27:34] INFO: Starting application
[2024-11-27 05:27:36] INFO: Starting main render loop
[2024-11-27 05:27:56] INFO: Program terminated successfully
[2024-11-27 05:29:13] INFO: Starting application
[2024-11-27 05:29:16] INFO: Starting main render loop
[2024-11-27 05:29:38] INFO: Program terminated successfully
[2024-11-27 05:31:12] INFO: Starting application
[2024-11-27 05:31:14] INFO: Starting main render loop
[2024-11-27 05:32:51] INFO: Starting application
[2024-11-27 05:32:54] INFO: Starting main render loop
[2024-11-27 05:32:58] INFO: Program terminated successfully
[2024-11-27 05:35:44] INFO: Starting application
[2024-11-27 05:35:46] INFO: Starting main render loop
[2024-11-27 05:35:50] INFO: Program terminated successfully
[2024-11-27 05:36:36] INFO: Starting application
[2024-11-27 05:36:38] INFO: Starting main render loop
[2024-11-27 05:36:42] INFO: Program terminated successfully
[2024-11-27 05:38:19] INFO: Starting application
[2024-11-27 05:38:21] INFO: Starting main render loop
[2024-11-27 05:38:42] INFO: Program terminated successfully
[2024-11-27 05:41:58] INFO: Starting application
[2024-11-27 05:42:00] INFO: Starting main render loop
[2024-11-27 05:42:15] INFO: Program terminated successfully
[2024-11-27 05:42:35] INFO: Starting application
[2024-11-27 05:42:38] INFO: Starting main render loop
[2024-11-27 05:42:51] INFO: Program terminated successfully
[2024-11-27 05:43:14] INFO: Starting application
[2024-11-27 05:43:17] INFO: Starting main render loop
[2024-11-27 05:43:27] INFO: Program terminated successfully
[2024-11-27 05:43:39] INFO: Starting application
[2024-11-27 05:43:42] INFO: Starting main render loop
[2024-11-27 05:43:45] INFO: Program terminated successfully
[2024-11-27 05:44:08] INFO: Starting application
[2024-11-27 05:44:10] INFO: Starting main render loop
[2024-11-27 05:44:21] INFO: Program terminated successfully
[2024-11-27 05:44:33] INFO: Starting application
[2024-11-27 05:44:36] INFO: Starting main render loop
[2024-11-27 05:44:40] INFO: Program terminated successfully
[2024-11-27 05:45:39] INFO: Starting application
[2024-11-27 05:45:42] INFO: Starting main render loop
[2024-11-27 05:45:49] INFO: Program terminated successfully
[2024-11-27 05:52:22] INFO: Starting application
[2024-11-27 05:52:25] INFO: Starting main render loop
[2024-11-27 05:52:42] INFO: Program terminated successfully
[2024-11-27 05:52:53] INFO: Starting application
[2024-11-27 05:52:56] INFO: Starting main render loop
[2024-11-27 05:53:26] INFO: Program terminated successfully
[2024-11-27 05:56:03] INFO: Starting application
[2024-11-27 05:56:06] INFO: Starting main render loop
[2024-11-27 05:56:11] INFO: Program terminated successfully
[2024-11-27 05:56:37] INFO: Starting application
[2024-11-27 05:56:40] INFO: Starting main render loop
[2024-11-27 05:56:46] INFO: Program terminated successfully
[2024-11-27 05:57:06] INFO: Starting application
[2024-11-27 05:57:09] INFO: Starting main render loop
[2024-11-27 05:57:14] INFO: Program terminated successfully
[2024-11-27 05:58:27] INFO: Starting application
[2024-11-27 05:58:30] INFO: Starting main render loop
[2024-11-27 05:58:38] INFO: Program terminated successfully
[2024-11-27 05:58:57] INFO: Starting application
[2024-11-27 05:59:00] INFO: Starting main render loop
[2024-11-27 05:59:04] INFO: Program terminated successfully
[2024-11-27 05:59:24] INFO: Starting application
[2024-11-27 05:59:27] INFO: Starting main render loop
[2024-11-27 05:59:35] INFO: Program terminated successfully
[2024-11-27 05:59:50] INFO: Starting application
[2024-11-27 05:59:53] INFO: Starting main render loop
[2024-11-27 05:59:59] INFO: Program terminated successfully
[2024-11-27 06:00:15] INFO: Starting application
[2024-11-27 06:00:17] INFO: Starting main render loop
[2024-11-27 06:00:44] INFO: Program terminated successfully
[2024-11-27 06:02:26] INFO: Starting application
[2024-11-27 06:02:29] INFO: Starting main render loop
[2024-11-27 06:02:35] INFO: Program terminated successfully
[2024-11-27 06:03:38] INFO: Starting application
[2024-11-27 06:03:41] INFO: Starting main render loop
[2024-11-27 06:03:57] INFO: Program terminated successfully
[2024-11-27 06:04:20] INFO: Starting application
[2024-11-27 06:04:23] INFO: Starting main render loop
[2024-11-27 06:04:30] INFO: Program terminated successfully
[2024-11-27 06:04:43] INFO: Starting application
[2024-11-27 06:04:46] INFO: Starting main render loop
[2024-11-27 06:04:53] INFO: Program terminated successfully
[2024-11-27 06:05:04] INFO: Starting application
[2024-11-27 06:05:07] INFO: Starting main render loop
[2024-11-27 06:05:16] INFO: Program terminated successfully
[2024-11-27 06:05:26] INFO: Starting application
[2024-11-27 06:05:29] INFO: Starting main render loop
[2024-11-27 06:05:43] INFO: Program terminated successfully
[2024-11-27 06:06:04] INFO: Starting application
[2024-11-27 06:06:07] INFO: Starting main render loop
[2024-11-27 06:06:13] INFO: Program terminated successfully
[2024-11-27 06:07:14] INFO: Starting application
[2024-11-27 06:07:17] INFO: Starting main render loop
[2024-11-27 06:07:22] INFO: Program terminated successfully
[2024-11-27 06:07:42] INFO: Starting application
[2024-11-27 06:07:45] INFO: Starting main render loop
[2024-11-27 06:07:50] INFO: Program terminated successfully
[2024-11-27 06:08:03] INFO: Starting application
[2024-11-27 06:08:06] INFO: Starting main render loop
[2024-11-27 06:08:10] INFO: Program terminated successfully
[2024-11-27 06:11:11] INFO: Starting application
[2024-11-27 06:11:14] INFO: Starting main render loop
[2024-11-27 06:11:21] INFO: Program terminated successfully
[2024-11-27 06:11:35] INFO: Starting application
[2024-11-27 06:11:38] INFO: Starting main render loop
[2024-11-27 06:11:40] INFO: Program terminated successfully
[2024-11-27 06:11:56] INFO: Starting application
[2024-11-27 06:11:58] INFO: Starting main render loop
[2024-11-27 06:12:01] INFO: Program terminated successfully
[2024-11-27 06:12:29] INFO: Starting application
[2024-11-27 06:12:32] INFO: Starting main render loop
[2024-11-27 06:12:36] INFO: Program terminated successfully
[2024-11-27 06:12:48] INFO: Starting application
[2024-11-27 06:12:50] INFO: Starting main render loop
[2024-11-27 06:13:09] INFO: Program terminated successfully
[2024-11-27 06:13:16] INFO: Starting application
[2024-11-27 06:13:19] INFO: Starting main render loop
[2024-11-27 06:13:35] INFO: Program terminated successfully
[2024-11-27 06:13:51] INFO: Starting application
[2024-11-27 06:13:54] INFO: Starting main render loop
[2024-11-27 06:14:14] INFO: Starting application
[2024-11-27 06:14:16] INFO: Starting main render loop
[2024-11-27 06:14:27] INFO: Program terminated successfully
[2024-11-27 06:14:33] INFO: Starting application
[2024-11-27 06:14:36] INFO: Starting main render loop
[2024-11-27 06:14:44] INFO: Program terminated successfully
[2024-11-27 06:14:55] INFO: Starting application
[2024-11-27 06:14:58] INFO: Starting main render loop
[2024-11-27 06:15:02] INFO: Program terminated successfully
[2024-11-27 06:15:25] INFO: Starting application
[2024-11-27 06:15:28] INFO: Starting main render loop
[2024-11-27 06:15:56] INFO: Starting application
[2024-11-27 06:15:59] INFO: Starting main render loop
[2024-11-27 06:16:20] INFO: Program terminated successfully
[2024-11-27 06:23:33] INFO: Starting application
[2024-11-27 06:23:36] INFO: Starting main render loop
[2024-11-27 06:28:10] INFO: Program terminated successfully
[2024-11-27 06:28:47] INFO: Starting application
[2024-11-27 06:28:50] INFO: Starting main render loop
[2024-11-27 06:29:30] INFO: Program terminated successfully
[2024-11-27 06:30:40] INFO: Starting application
[2024-11-27 06:30:43] INFO: Starting main render loop
[2024-11-27 06:31:25] INFO: Program terminated successfully
[2024-11-27 06:33:01] INFO: Starting application
[2024-11-27 06:33:04] INFO: Starting main render loop
[2024-11-27 06:33:57] INFO: Program terminated successfully
[2024-11-27 06:34:03] INFO: Starting application
[2024-11-27 06:34:06] INFO: Starting main render loop
[2024-11-27 06:37:19] INFO: Starting application
[2024-11-27 06:37:21] INFO: Starting main render loop
[2024-11-27 06:39:18] INFO: Starting application
[2024-11-27 06:39:20] INFO: Starting main render loop
[2024-11-27 06:42:52] INFO: Program terminated successfully
[2024-11-27 08:47:51] INFO: Starting application
[2024-11-27 08:47:56] INFO: Starting main render loop
[2024-11-27 08:50:03] INFO: Program terminated successfully
[2024-11-27 08:55:09] INFO: Starting application
[2024-11-27 08:55:14] INFO: Starting main render loop
[2024-11-27 08:56:27] INFO: Program terminated successfully
[2024-11-27 08:58:04] INFO: Starting application
[2024-11-27 08:58:08] INFO: Starting main render loop
[2024-11-27 09:02:35] INFO: Starting application
[2024-11-27 09:02:39] INFO: Starting main render loop
[2024-11-27 09:03:24] INFO: Program terminated successfully
[2024-11-27 09:10:35] INFO: Starting application
[2024-11-27 09:10:40] INFO: Starting main render loop
[2024-11-27 09:13:26] INFO: Program terminated successfully
[2024-11-27 09:13:39] INFO: Starting application
[2024-11-27 09:13:43] INFO: Starting main render loop
[2024-11-27 09:14:44] INFO: Program terminated successfully
[2024-11-27 10:01:39] INFO: Starting application
[2024-11-27 10:01:43] INFO: Starting main render loop
[2024-11-27 10:38:44] INFO: Starting application
[2024-11-27 10:38:50] INFO: Starting main render loop
[2024-11-27 10:39:24] INFO: Program terminated successfully
[2024-11-29 14:47:25] INFO: Starting application
[2024-11-29 14:47:28] INFO: Starting main render loop
[2024-11-29 14:47:33] INFO: Program terminated successfully
[2024-11-29 14:48:42] INFO: Starting application
[2024-11-29 14:48:45] INFO: Starting main render loop
[2024-11-29 14:48:47] INFO: Program terminated successfully
[2024-11-29 14:49:26] INFO: Starting application
[2024-11-29 14:49:28] INFO: Starting main render loop
[2024-11-29 14:56:04] INFO: Starting application
[2024-11-29 14:56:06] INFO: Starting main render loop
[2024-11-29 14:56:08] INFO: Program terminated successfully
[2024-11-29 14:56:15] INFO: Starting application
[2024-11-29 14:56:17] INFO: Starting main render loop
[2024-11-29 14:56:19] INFO: Program terminated successfully
[2024-11-29 14:56:28] INFO: Starting application
[2024-11-29 14:56:30] INFO: Starting main render loop
[2024-11-29 14:56:32] INFO: Program terminated successfully
[2024-11-29 15:11:02] INFO: Starting application
[2024-11-29 15:11:04] INFO: Starting main render loop
[2024-11-29 15:16:28] INFO: ESC key pressed. Closing the window.
[2024-11-29 15:16:28] INFO: Program terminated successfully
[2024-11-29 15:19:32] INFO: Starting application
[2024-11-29 15:19:34] INFO: Starting main render loop
[2024-11-29 15:20:35] INFO: Program terminated successfully
[2024-11-29 15:21:34] INFO: Starting application
[2024-11-29 15:21:36] INFO: Starting main render loop
[2024-11-29 15:25:58] INFO: Program terminated successfully
[2024-11-29 15:26:02] INFO: Starting application
[2024-11-29 15:26:04] INFO: Starting main render loop
[2024-11-29 15:26:29] INFO: Starting application
[2024-11-29 15:26:31] INFO: Starting main render loop
[2024-11-29 15:29:17] INFO: Program terminated successfully
[2024-12-01 16:28:57] INFO: Starting application
[2024-12-01 16:28:59] INFO: Starting main render loop
[2024-12-01 16:29:37] INFO: Program terminated successfully
[2024-12-01 16:30:55] INFO: Starting application
[2024-12-01 16:30:57] INFO: Starting main render loop
[2024-12-01 16:31:51] INFO: Program terminated successfully
[2024-12-01 16:36:35] INFO: Starting application
[2024-12-01 16:36:37] INFO: Starting main render loop
[2024-12-01 16:37:31] INFO: Program terminated successfully
[2024-12-01 16:42:19] INFO: Starting application
[2024-12-01 16:42:21] INFO: Starting main render loop
[2024-12-01 17:00:29] INFO: Starting application
[2024-12-01 17:00:31] INFO: Starting main render loop
[2024-12-01 17:02:10] INFO: Program terminated successfully
[2024-12-01 17:02:37] INFO: Starting application
[2024-12-01 17:02:39] INFO: Starting main render loop
[2024-12-01 17:03:00] INFO: Program terminated successfully
[2024-12-01 17:04:35] INFO: Starting application
[2024-12-01 17:04:37] INFO: Starting main render loop
[2024-12-01 17:04:45] INFO: Program terminated successfully
[2024-12-01 17:04:50] INFO: Starting application
[2024-12-01 17:04:52] INFO: Starting main render loop
[2024-12-01 17:04:59] INFO: Program terminated successfully
[2024-12-01 17:05:52] INFO: Starting application
[2024-12-01 17:05:54] INFO: Starting main render loop
[2024-12-01 17:07:52] INFO: Program terminated successfully
[2024-12-01 17:10:52] INFO: Starting application
[2024-12-01 17:10:55] INFO: Starting main render loop
[2024-12-01 17:12:37] INFO: Program terminated successfully
[2024-12-01 17:31:26] INFO: Starting application
[2024-12-01 17:31:28] ERROR: Failed to initialize Hiking Simulator
[2024-12-01 17:32:20] INFO: Starting application
[2024-12-01 17:32:22] INFO: Starting main render loop
[2024-12-01 17:32:39] INFO: Program terminated successfully
[2024-12-01 17:33:33] INFO: Starting application
[2024-12-01 17:33:35] INFO: Starting main render loop
[2024-12-01 17:33:40] INFO: Program terminated successfully
[2024-12-01 17:39:51] INFO: Starting application
[2024-12-01 17:39:53] INFO: Starting main render loop
[2024-12-01 17:42:04] INFO: Program terminated successfully
[2024-12-01 17:59:37] INFO: Starting application
[2024-12-01 17:59:39] INFO: Starting main render loop
[2024-12-01 18:03:44] INFO: Starting application
[2024-12-01 18:03:47] INFO: Starting main render loop
[2024-12-01 18:04:28] INFO: Program terminated successfully
[2024-12-01 21:06:17] INFO: Starting application
[2024-12-01 21:06:20] INFO: Starting main render loop
[2024-12-02 01:08:00] INFO: Starting application
[2024-12-02 01:08:02] INFO: Starting main render loop
[2024-12-02 01:14:53] INFO: Program terminated successfully
[2024-12-02 01:21:00] INFO: Starting application
[2024-12-02 01:21:02] INFO: Starting main render loop
[2024-12-02 01:31:58] INFO: Program terminated successfully
[2024-12-02 01:33:05] INFO: Starting application
[2024-12-02 01:33:07] INFO: Starting main render loop
[2024-12-02 02:15:25] INFO: Program terminated successfully
[2024-12-02 02:15:30] INFO: Starting application
[2024-12-02 02:15:32] INFO: Starting main render loop
[2024-12-02 02:26:42] INFO: Starting application
[2024-12-02 02:26:45] INFO: Starting main render loop
[2024-12-02 02:26:47] INFO: Program terminated successfully
[2024-12-02 02:34:43] INFO: Starting application
[2024-12-02 02:34:46] INFO: Starting main render loop
[2024-12-02 02:34:50] INFO: Program terminated successfully
[2024-12-03 12:32:17] INFO: Starting application
[2024-12-03 12:32:21] INFO: Starting main render loop
[2024-12-03 12:34:53] INFO: Program terminated successfully
[2024-12-03 13:47:27] INFO: Starting application
[2024-12-03 13:47:30] INFO: Starting main render loop
[2024-12-03 14:38:36] INFO: Starting application
[2024-12-03 14:38:40] INFO: Starting main render loop
[2024-12-03 14:38:46] INFO: Program terminated successfully
[2024-12-03 14:44:10] INFO: Starting application
[2024-12-03 14:44:14] INFO: Starting main render loop
[2024-12-03 14:45:11] INFO: Program terminated successfully
[2024-12-03 14:47:38] INFO: Starting application
[2024-12-03 14:47:42] INFO: Starting main render loop
[2024-12-03 14:49:15] INFO: Program terminated successfully
[2024-12-03 14:54:10] INFO: Starting application
[2024-12-03 14:54:12] INFO: Starting main render loop
[2024-12-03 14:54:24] INFO: Program terminated successfully
[2024-12-03 14:54:39] INFO: Starting application
[2024-12-03 14:54:41] INFO: Starting main render loop
[2024-12-03 14:54:53] INFO: Program terminated successfully
[2024-12-03 14:54:56] INFO: Starting application
[2024-12-03 14:54:58] INFO: Starting main render loop
[2024-12-03 14:55:37] INFO: Program terminated successfully
[2024-12-03 15:00:50] INFO: Starting application
[2024-12-03 15:00:53] INFO: Starting main render loop
[2024-12-03 15:01:57] INFO: Program terminated successfully
[2024-12-03 15:05:07] INFO: Starting application
[2024-12-03 15:05:09] INFO: Starting main render loop
[2024-12-03 15:05:13] INFO: Program terminated successfully
[2024-12-03 15:05:18] INFO: Starting application
[2024-12-03 15:05:20] INFO: Starting main render loop
[2024-12-03 15:05:31] INFO: Program terminated successfully
[2024-12-03 15:18:06] INFO: Starting application
[2024-12-03 15:18:08] INFO: Starting main render loop
[2024-12-03 15:18:12] INFO: ESC key pressed. Closing the window.
[2024-12-03 15:18:12] INFO: Program terminated successfully
[2024-12-03 15:18:15] INFO: Starting application
[2024-12-03 15:18:17] INFO: Starting main render loop
[2024-12-03 15:18:42] INFO: Program terminated successfully
[2024-12-03 15:18:45] INFO: Starting application
[2024-12-03 15:18:47] INFO: Starting main render loop
[2024-12-03 15:20:07] INFO: Program terminated successfully
[2024-12-03 15:57:00] INFO: Starting application
[2024-12-03 15:57:03] INFO: Starting main render loop
[2024-12-03 15:57:26] INFO: Program terminated successfully
[2024-12-03 16:00:54] INFO: Starting application
[2024-12-03 16:00:56] INFO: Starting main render loop
[2024-12-03 16:01:05] INFO: Program terminated successfully
[2024-12-03 16:05:46] INFO: Starting application
[2024-12-03 16:05:48] INFO: Starting main render loop
[2024-12-03 16:06:30] INFO: Program terminated successfully
[2024-12-03 16:06:58] INFO: Starting application
[2024-12-03 16:07:01] INFO: Starting main render loop
[2024-12-03 16:07:23] INFO: Program terminated successfully
[2024-12-03 16:07:37] INFO: Starting application
[2024-12-03 16:07:39] INFO: Starting main render loop
[2024-12-03 16:08:10] INFO: Program terminated successfully
[2024-12-03 16:09:18] INFO: Starting application
[2024-12-03 16:09:20] INFO: Starting main render loop
[2024-12-03 16:09:42] INFO: Program terminated successfully
[2024-12-03 17:46:15] INFO: Starting application
[2024-12-03 17:46:18] INFO: Starting main render loop
[2024-12-03 17:47:37] INFO: Program terminated successfully
[2024-12-03 17:50:38] INFO: Starting application
[2024-12-03 17:50:41] INFO: Starting main render loop
[2024-12-03 17:51:09] INFO: Program terminated successfully
[2024-12-03 17:51:31] INFO: Starting application
[2024-12-03 17:51:34] INFO: Starting main render loop
[2024-12-03 17:51:57] INFO: Program terminated successfully
[2024-12-04 08:08:10] INFO: Starting application
[2024-12-04 08:08:12] INFO: Starting main render loop
[2024-12-04 08:08:28] INFO: Program terminated successfully
[2024-12-04 08:26:56] INFO: Starting application
[2024-12-04 08:26:59] INFO: Starting main render loop
[2024-12-04 08:27:05] INFO: Program terminated successfully
[2024-12-04 10:26:50] INFO: Starting application
[2024-12-04 10:26:52] INFO: Starting main render loop
[2024-12-04 10:27:11] INFO: Program terminated successfully
[2024-12-04 10:45:22] INFO: Starting application
[2024-12-04 10:45:27] INFO: Starting main render loop
[2024-12-04 10:45:28] INFO: Framebuffer size callback triggered. Width: 1920, Height: 991
[2024-12-04 10:49:07] INFO: Program terminated successfully
[2024-12-04 13:23:30] INFO: Starting application
[2024-12-04 13:23:32] INFO: Starting main render loop
[2024-12-04 14:05:41] INFO: Program terminated successfully
[2024-12-05 09:08:40] INFO: Starting application
[2024-12-05 09:08:42] INFO: Starting main render loop
[2024-12-05 09:09:00] INFO: Program terminated successfully
[2024-12-05 09:14:30] INFO: Starting application
[2024-12-05 09:14:32] INFO: Starting main render loop
[2024-12-05 09:14:34] INFO: Program terminated successfully
[2024-12-05 09:18:35] INFO: Starting application
[2024-12-05 09:18:37] INFO: Starting main render loop
[2024-12-05 09:18:38] INFO: Program terminated successfully
[2024-12-05 12:21:19] INFO: Starting application
[2024-12-05 12:21:21] INFO: Starting main render loop
[2024-12-05 12:21:28] INFO: Program terminated successfully
[2024-12-05 13:57:43] INFO: Starting application
[2024-12-05 13:57:45] INFO: Starting main render loop
[2024-12-05 13:57:49] INFO: Framebuffer size callback triggered. Width: 1920, Height: 991
[2024-12-05 13:58:16] INFO: Program terminated successfully
[2024-12-05 14:11:47] INFO: Starting application
[2024-12-05 14:11:50] INFO: Starting main render loop
[2024-12-05 14:12:02] INFO: Program terminated successfully
[2024-12-05 15:02:00] INFO: Starting application
[2024-12-05 15:02:02] INFO: Starting main render loop
[2024-12-05 15:03:45] INFO: Program terminated successfully
[2024-12-05 15:35:15] INFO: Starting application
[2024-12-05 15:35:17] INFO: Starting main render loop
[2024-12-05 15:35:36] INFO: Program terminated successfully
[2024-12-05 15:47:40] INFO: Starting application
[2024-12-05 15:47:43] INFO: Starting main render loop
[2024-12-05 15:47:49] INFO: Program terminated successfully
[2024-12-05 15:49:41] INFO: Starting application
[2024-12-05 15:49:43] INFO: Starting main render loop
[2024-12-05 15:49:47] INFO: Program terminated successfully
[2024-12-05 16:12:17] INFO: Starting application
[2024-12-05 16:12:20] INFO: Starting main render loop
[2024-12-05 16:12:34] INFO: Program terminated successfully
[2024-12-05 16:19:58] INFO: Starting application
[2024-12-05 16:20:01] INFO: Starting main render loop
[2024-12-05 16:20:18] INFO: Program terminated successfully
[2024-12-05 16:22:00] INFO: Starting application
[2024-12-05 16:22:02] INFO: Starting main render loop
[2024-12-05 16:22:26] INFO: Program terminated successfully
[2024-12-05 16:22:43] INFO: Starting application
[2024-12-05 16:22:45] INFO: Starting main render loop
[2024-12-05 16:22:53] INFO: Program terminated successfully
[2024-12-05 16:23:04] INFO: Starting application
[2024-12-05 16:23:06] INFO: Starting main render loop
[2024-12-05 16:23:43] INFO: Program terminated successfully
[2024-12-05 16:31:47] INFO: Starting application
[2024-12-05 16:31:49] INFO: Starting main render loop
[2024-12-05 16:32:16] INFO: Program terminated successfully
[2024-12-05 16:32:38] INFO: Starting application
[2024-12-05 16:32:40] INFO: Starting main render loop
[2024-12-05 16:35:02] INFO: Program terminated successfully
[2024-12-05 16:35:29] INFO: Starting application
[2024-12-05 16:35:31] INFO: Starting main render loop
[2024-12-05 16:35:49] INFO: Program terminated successfully
[2024-12-05 18:57:12] INFO: Starting application
[2024-12-05 18:57:14] INFO: Starting main render loop
[2024-12-05 18:57:18] INFO: Program terminated successfully
[2024-12-05 21:14:51] INFO: Starting application
[2024-12-05 21:14:55] INFO: Starting main render loop
[2024-12-05 21:15:01] INFO: Program terminated successfully
[2024-12-05 21:47:01] INFO: Starting application
[2024-12-05 21:47:03] INFO: Starting main render loop
[2024-12-05 21:47:18] INFO: Program terminated successfully
[2024-12-05 21:47:32] INFO: Starting application
[2024-12-05 21:47:34] INFO: Starting main render loop
[2024-12-05 21:47:50] INFO: Program terminated successfully
[2024-12-05 21:48:04] INFO: Starting application
[2024-12-05 21:48:07] INFO: Starting main render loop
[2024-12-05 21:48:21] INFO: Program terminated successfully
[2024-12-05 21:54:38] INFO: Starting application
[2024-12-05 21:54:41] INFO: Starting main render loop
[2024-12-05 21:55:25] INFO: Program terminated successfully
[2024-12-05 21:59:43] INFO: Starting application
[2024-12-05 21:59:45] INFO: Starting main render loop
[2024-12-05 21:59:49] INFO: Framebuffer size callback triggered. Width: 1920, Height: 991
[2024-12-05 22:00:56] INFO: Program terminated successfully
[2024-12-05 22:40:19] INFO: Starting application
[2024-12-05 22:40:21] INFO: Starting main render loop
[2024-12-05 22:40:37] INFO: Program terminated successfully
[2024-12-05 22:49:49] INFO: Starting application
[2024-12-05 22:49:51] INFO: Starting main render loop
[2024-12-05 22:49:53] INFO: Framebuffer size callback triggered. Width: 1920, Height: 991
[2024-12-05 22:50:31] INFO: Program terminated successfully
[2024-12-05 23:26:57] INFO: Starting application
[2024-12-05 23:26:59] INFO: Starting main render loop
[2024-12-05 23:27:00] INFO: Framebuffer size callback triggered. Width: 1920, Height: 991
[2024-12-05 23:27:24] INFO: ESC key pressed. Closing the window.
[2024-12-05 23:27:24] INFO: Program terminated successfully
[2024-12-06 00:07:27] INFO: Starting application
[2024-12-06 00:07:29] INFO: Starting main render loop
[2024-12-06 00:07:42] INFO: Program terminated successfully
[2024-12-06 00:32:08] INFO: Starting application
[2024-12-06 00:32:10] INFO: Starting main render loop
[2024-12-06 00:32:13] INFO: Program terminated successfully
[2024-12-06 01:17:43] INFO: Starting application
[2024-12-06 01:17:46] INFO: Starting main render loop
[2024-12-06 01:17:52] INFO: Program terminated successfully
[2024-12-06 01:19:00] INFO: Starting application
[2024-12-06 01:19:03] INFO: Starting main render loop
[2024-12-06 01:19:03] WARNING: Framebuffer size callback received zero dimensions. Ignoring.
[2024-12-06 01:19:13] INFO: Framebuffer size callback triggered. Width: 1280, Height: 720
[2024-12-06 01:19:22] INFO: Framebuffer size callback triggered. Width: 1920, Height: 991
[2024-12-06 01:19:28] INFO: Program terminated successfully
[2024-12-06 01:19:38] INFO: Starting application
[2024-12-06 01:19:40] INFO: Starting main render loop
[2024-12-06 01:20:24] INFO: Program terminated successfully
[2024-12-06 01:27:12] INFO: Starting application
[2024-12-06 01:27:15] INFO: Starting main render loop
[2024-12-06 01:27:36] INFO: Program terminated successfully
[2024-12-06 01:39:28] INFO: Starting application
[2024-12-06 01:39:30] INFO: Starting main render loop
[2024-12-06 01:40:12] INFO: Program terminated successfully
[2024-12-06 01:41:58] INFO: Starting application
[2024-12-06 01:42:00] INFO: Starting main render loop
[2024-12-06 01:42:28] INFO: Program terminated successfully
[2024-12-06 01:47:16] INFO: Starting application
[2024-12-06 01:47:18] INFO: Starting main render loop
[2024-12-06 01:47:49] INFO: Program terminated successfully
[2024-12-06 01:48:27] INFO: Starting application
[2024-12-06 01:48:29] INFO: Starting main render loop
[2024-12-06 01:48:44] INFO: Program terminated successfully
[2024-12-06 01:50:44] INFO: Starting application
[2024-12-06 01:50:46] INFO: Starting main render loop
[2024-12-06 01:50:56] INFO: Program terminated successfully
[2024-12-06 02:19:32] INFO: Starting application
[2024-12-06 02:19:35] INFO: Starting main render loop
[2024-12-06 02:19:54] INFO: Program terminated successfully
[2024-12-06 02:40:09] INFO: Starting application
[2024-12-06 02:40:13] INFO: Starting main render loop
[2024-12-06 02:43:46] INFO: Program terminated successfully
[2024-12-06 02:44:02] INFO: Starting application
[2024-12-06 02:44:06] INFO: Starting main render loop
[2024-12-06 02:45:51] INFO: Starting application
[2024-12-06 02:45:54] INFO: Starting main render loop
[2024-12-06 02:45:56] INFO: Program terminated successfully
[2024-12-06 08:15:06] INFO: Starting application
[2024-12-06 08:15:10] INFO: Starting main render loop
[2024-12-06 08:16:10] INFO: Program terminated successfully
[2024-12-06 08:28:49] INFO: Starting application
[2024-12-06 08:28:52] INFO: Starting main render loop
[2024-12-06 08:28:59] INFO: Program terminated successfully
[2024-12-06 08:29:34] INFO: Starting application
[2024-12-06 08:29:38] INFO: Starting main render loop
[2024-12-06 08:32:43] INFO: Program terminated successfully
[2024-12-06 09:10:51] INFO: Starting application
[2024-12-06 09:10:55] INFO: Starting main render loop
[2024-12-06 09:13:46] WARNING: Framebuffer size callback received zero dimensions. Ignoring.
[2024-12-06 09:18:05] INFO: Framebuffer size callback triggered. Width: 1280, Height: 720
[2024-12-06 09:18:07] INFO: Framebuffer size callback triggered. Width: 1920, Height: 991
[2024-12-06 09:18:53] WARNING: Framebuffer size callback received zero dimensions. Ignoring.
[2024-12-06 09:18:57] INFO: Framebuffer size callback triggered. Width: 1920, Height: 991
[2024-12-06 09:23:30] INFO: ESC key pressed. Closing the window.
[2024-12-06 09:23:30] INFO: Program terminated successfully
[2024-12-06 09:25:31] INFO: Starting application
[2024-12-06 09:25:34] INFO: Starting main render loop
[2024-12-06 09:25:35] INFO: Framebuffer size callback triggered. Width: 1920, Height: 991
[2024-12-06 09:29:52] INFO: Program terminated successfully
[2024-12-06 10:11:04] INFO: Starting application
[2024-12-06 10:11:08] INFO: Starting main render loop
[2024-12-06 10:32:40] INFO: Program terminated successfully
[2024-12-06 10:47:26] INFO: Starting application
[2024-12-06 10:47:29] INFO: Starting main render loop
[2024-12-06 10:48:32] INFO: Program terminated successfully
